10:28:15.981 INFO - Launching a standalone Selenium Server
10:28:16.141 INFO - Java: Oracle Corporation 25.31-b07
10:28:16.142 INFO - OS: Windows 7 6.1 x86
10:28:16.153 INFO - v2.53.0, with Core v2.53.0. Built from revision 35ae25b
10:28:16.224 INFO - Driver class not found: com.opera.core.systems.OperaDriver
10:28:16.224 INFO - Driver provider com.opera.core.systems.OperaDriver is not registered
10:28:16.233 INFO - Driver provider org.openqa.selenium.safari.SafariDriver registration is skipped:
registration capabilities Capabilities [{browserName=safari, version=, platform=MAC}] does not match the current platform VISTA
10:28:16.234 INFO - Driver class not found: org.openqa.selenium.htmlunit.HtmlUnitDriver
10:28:16.234 INFO - Driver provider org.openqa.selenium.htmlunit.HtmlUnitDriver is not registered
10:28:16.433 INFO - RemoteWebDriver instances should connect to: http://127.0.0.1:9000/wd/hub
10:28:16.433 INFO - Selenium Server is up and running
10:28:16.897 INFO - Executing: [new session: Capabilities [{acceptSslCerts=true, name=Samplegoogletest, browserName=chrome, javascriptEnabled=true, platform=ANY}]])
10:28:16.919 INFO - Creating a new session for Capabilities [{acceptSslCerts=true, name=Samplegoogletest, browserName=chrome, javascriptEnabled=true, platform=ANY}]
Starting ChromeDriver 2.30.477700 (0057494ad8732195794a7b32078424f92a5fce41) on port 34800
Only local connections are allowed.
10:28:20.349 INFO - Done: [new session: Capabilities [{acceptSslCerts=true, name=Samplegoogletest, browserName=chrome, javascriptEnabled=true, platform=ANY}]]
10:28:20.378 INFO - Executing: [get: http://www.google.com])
10:28:24.231 INFO - Done: [get: http://www.google.com]
10:28:24.243 INFO - Executing: [find elements: By.cssSelector: body])
10:28:24.292 INFO - Done: [find elements: By.cssSelector: body]
10:28:24.298 INFO - Executing: [is displayed: 0 [[ChromeDriver: chrome on XP (06c36e60c9a723aaac5630864db5c8a9)] -> css selector: body]])
10:28:24.337 INFO - Done: [is displayed: 0 [[ChromeDriver: chrome on XP (06c36e60c9a723aaac5630864db5c8a9)] -> css selector: body]]
10:28:24.345 INFO - Executing: [find element: By.cssSelector: input[type=text]])
10:28:24.378 INFO - Done: [find element: By.cssSelector: input[type=text]]
10:28:24.386 INFO - Executing: [send keys: 1 [[ChromeDriver: chrome on XP (06c36e60c9a723aaac5630864db5c8a9)] -> css selector: input[type=text]], [n, i, g, h, t, w, a, t, c, h, ?]])
10:28:26.221 INFO - Done: [send keys: 1 [[ChromeDriver: chrome on XP (06c36e60c9a723aaac5630864db5c8a9)] -> css selector: input[type=text]], [n, i, g, h, t, w, a, t, c, h, ?]]
10:28:27.233 INFO - Executing: [find element: By.cssSelector: #main])
10:28:27.264 INFO - Done: [find element: By.cssSelector: #main]
10:28:27.269 INFO - Executing: [get text: 2 [[ChromeDriver: chrome on XP (06c36e60c9a723aaac5630864db5c8a9)] -> css selector: #main]])
10:28:27.724 INFO - Done: [get text: 2 [[ChromeDriver: chrome on XP (06c36e60c9a723aaac5630864db5c8a9)] -> css selector: #main]]
10:28:27.732 INFO - Executing: [delete session: 0b524d94-0529-4bf8-ab0c-e3d32ee2f717])
10:28:29.043 INFO - Done: [delete session: 0b524d94-0529-4bf8-ab0c-e3d32ee2f717]
10:28:29.056 INFO - Executing: [new session: Capabilities [{acceptSslCerts=true, name=Samplegoogletest, browserName=chrome, javascriptEnabled=true, platform=ANY}]])
10:28:29.059 INFO - Creating a new session for Capabilities [{acceptSslCerts=true, name=Samplegoogletest, browserName=chrome, javascriptEnabled=true, platform=ANY}]
Starting ChromeDriver 2.30.477700 (0057494ad8732195794a7b32078424f92a5fce41) on port 19472
Only local connections are allowed.
10:28:31.467 INFO - Done: [new session: Capabilities [{acceptSslCerts=true, name=Samplegoogletest, browserName=chrome, javascriptEnabled=true, platform=ANY}]]
10:28:31.473 INFO - Executing: [get: http://www.ebay.com])
10:28:33.825 INFO - Done: [get: http://www.ebay.com]
10:28:33.834 INFO - Executing: [find elements: By.cssSelector: body])
10:28:33.889 INFO - Done: [find elements: By.cssSelector: body]
10:28:33.897 INFO - Executing: [is displayed: 0 [[ChromeDriver: chrome on XP (955f443910eab45cd931ccd9064b59dd)] -> css selector: body]])
10:28:33.939 INFO - Done: [is displayed: 0 [[ChromeDriver: chrome on XP (955f443910eab45cd931ccd9064b59dd)] -> css selector: body]]
10:28:33.946 INFO - Executing: [find element: By.cssSelector: input[type=text]])
10:28:34.000 INFO - Done: [find element: By.cssSelector: input[type=text]]
10:28:34.006 INFO - Executing: [send keys: 1 [[ChromeDriver: chrome on XP (955f443910eab45cd931ccd9064b59dd)] -> css selector: input[type=text]], [i, p, h, o, n, e, 6, ?]])
10:28:35.929 INFO - Done: [send keys: 1 [[ChromeDriver: chrome on XP (955f443910eab45cd931ccd9064b59dd)] -> css selector: input[type=text]], [i, p, h, o, n, e, 6, ?]]
10:28:36.958 INFO - Executing: [delete session: a766b507-a7a7-4279-a15e-74b4aa2d00e1])
10:28:37.947 INFO - Done: [delete session: a766b507-a7a7-4279-a15e-74b4aa2d00e1]
